{"C:\\Users\\luhma\\Documents\\Hacktiv8\\Phase2\\IP-HCK75\\server\\app.js": {"path":"C:\\Users\\luhma\\Documents\\Hacktiv8\\Phase2\\IP-HCK75\\server\\app.js","statementMap":{"0":{"start":{"line":1,"column":0},"end":{"line":1,"column":27}},"1":{"start":{"line":2,"column":16},"end":{"line":2,"column":34}},"2":{"start":{"line":3,"column":12},"end":{"line":3,"column":21}},"3":{"start":{"line":5,"column":15},"end":{"line":5,"column":42}},"4":{"start":{"line":6,"column":13},"end":{"line":6,"column":28}},"5":{"start":{"line":7,"column":21},"end":{"line":7,"column":51}},"6":{"start":{"line":9,"column":0},"end":{"line":9,"column":16}},"7":{"start":{"line":17,"column":0},"end":{"line":17,"column":49}},"8":{"start":{"line":18,"column":0},"end":{"line":18,"column":24}},"9":{"start":{"line":20,"column":0},"end":{"line":20,"column":16}},"10":{"start":{"line":22,"column":0},"end":{"line":22,"column":22}},"11":{"start":{"line":24,"column":0},"end":{"line":24,"column":21}}},"fnMap":{},"branchMap":{},"s":{"0":1,"1":1,"2":1,"3":1,"4":1,"5":1,"6":1,"7":1,"8":1,"9":1,"10":1,"11":1},"f":{},"b":{},"_coverageSchema":"1a1c01bbd47fc00a2c39e90264f33305004495a9","hash":"88bd46178855d78b5b353d82c4044b5f200ae0ac"}
,"C:\\Users\\luhma\\Documents\\Hacktiv8\\Phase2\\IP-HCK75\\server\\controllers\\ArticleController.js": {"path":"C:\\Users\\luhma\\Documents\\Hacktiv8\\Phase2\\IP-HCK75\\server\\controllers\\ArticleController.js","statementMap":{"0":{"start":{"line":1,"column":20},"end":{"line":1,"column":40}},"1":{"start":{"line":2,"column":15},"end":{"line":2,"column":35}},"2":{"start":{"line":6,"column":4},"end":{"line":71,"column":5}},"3":{"start":{"line":7,"column":39},"end":{"line":7,"column":48}},"4":{"start":{"line":9,"column":26},"end":{"line":9,"column":28}},"5":{"start":{"line":13,"column":6},"end":{"line":19,"column":7}},"6":{"start":{"line":14,"column":8},"end":{"line":18,"column":10}},"7":{"start":{"line":21,"column":6},"end":{"line":25,"column":7}},"8":{"start":{"line":22,"column":8},"end":{"line":24,"column":10}},"9":{"start":{"line":27,"column":6},"end":{"line":34,"column":7}},"10":{"start":{"line":28,"column":8},"end":{"line":33,"column":10}},"11":{"start":{"line":38,"column":20},"end":{"line":38,"column":22}},"12":{"start":{"line":39,"column":23},"end":{"line":39,"column":24}},"13":{"start":{"line":41,"column":6},"end":{"line":54,"column":7}},"14":{"start":{"line":42,"column":8},"end":{"line":45,"column":9}},"15":{"start":{"line":43,"column":10},"end":{"line":43,"column":28}},"16":{"start":{"line":44,"column":10},"end":{"line":44,"column":36}},"17":{"start":{"line":47,"column":8},"end":{"line":50,"column":9}},"18":{"start":{"line":48,"column":10},"end":{"line":48,"column":35}},"19":{"start":{"line":49,"column":10},"end":{"line":49,"column":56}},"20":{"start":{"line":52,"column":8},"end":{"line":52,"column":34}},"21":{"start":{"line":53,"column":8},"end":{"line":53,"column":54}},"22":{"start":{"line":56,"column":30},"end":{"line":56,"column":72}},"23":{"start":{"line":57,"column":6},"end":{"line":57,"column":35}},"24":{"start":{"line":58,"column":6},"end":{"line":60,"column":9}},"25":{"start":{"line":70,"column":6},"end":{"line":70,"column":25}},"26":{"start":{"line":75,"column":4},"end":{"line":87,"column":5}},"27":{"start":{"line":76,"column":24},"end":{"line":76,"column":37}},"28":{"start":{"line":77,"column":25},"end":{"line":77,"column":59}},"29":{"start":{"line":78,"column":6},"end":{"line":84,"column":7}},"30":{"start":{"line":79,"column":8},"end":{"line":81,"column":10}},"31":{"start":{"line":83,"column":8},"end":{"line":83,"column":50}},"32":{"start":{"line":86,"column":6},"end":{"line":86,"column":18}},"33":{"start":{"line":91,"column":4},"end":{"line":109,"column":5}},"34":{"start":{"line":92,"column":47},"end":{"line":92,"column":55}},"35":{"start":{"line":95,"column":21},"end":{"line":95,"column":22}},"36":{"start":{"line":97,"column":25},"end":{"line":102,"column":8}},"37":{"start":{"line":103,"column":6},"end":{"line":103,"column":33}},"38":{"start":{"line":104,"column":6},"end":{"line":104,"column":77}},"39":{"start":{"line":106,"column":6},"end":{"line":106,"column":36}},"40":{"start":{"line":107,"column":6},"end":{"line":107,"column":54}},"41":{"start":{"line":108,"column":6},"end":{"line":108,"column":66}},"42":{"start":{"line":113,"column":22},"end":{"line":113,"column":35}},"43":{"start":{"line":114,"column":4},"end":{"line":124,"column":5}},"44":{"start":{"line":115,"column":22},"end":{"line":115,"column":55}},"45":{"start":{"line":116,"column":6},"end":{"line":118,"column":7}},"46":{"start":{"line":117,"column":8},"end":{"line":117,"column":35}},"47":{"start":{"line":119,"column":20},"end":{"line":119,"column":50}},"48":{"start":{"line":121,"column":6},"end":{"line":121,"column":36}},"49":{"start":{"line":123,"column":6},"end":{"line":123,"column":18}},"50":{"start":{"line":127,"column":4},"end":{"line":144,"column":5}},"51":{"start":{"line":128,"column":24},"end":{"line":128,"column":37}},"52":{"start":{"line":129,"column":22},"end":{"line":129,"column":56}},"53":{"start":{"line":131,"column":6},"end":{"line":141,"column":7}},"54":{"start":{"line":132,"column":8},"end":{"line":135,"column":10}},"55":{"start":{"line":137,"column":8},"end":{"line":137,"column":32}},"56":{"start":{"line":139,"column":8},"end":{"line":139,"column":24}},"57":{"start":{"line":140,"column":8},"end":{"line":140,"column":64}},"58":{"start":{"line":143,"column":6},"end":{"line":143,"column":18}},"59":{"start":{"line":148,"column":0},"end":{"line":148,"column":35}}},"fnMap":{"0":{"name":"(anonymous_0)","decl":{"start":{"line":5,"column":2},"end":{"line":5,"column":3}},"loc":{"start":{"line":5,"column":45},"end":{"line":72,"column":3}},"line":5},"1":{"name":"(anonymous_1)","decl":{"start":{"line":74,"column":2},"end":{"line":74,"column":3}},"loc":{"start":{"line":74,"column":46},"end":{"line":88,"column":3}},"line":74},"2":{"name":"(anonymous_2)","decl":{"start":{"line":90,"column":2},"end":{"line":90,"column":3}},"loc":{"start":{"line":90,"column":45},"end":{"line":110,"column":3}},"line":90},"3":{"name":"(anonymous_3)","decl":{"start":{"line":112,"column":2},"end":{"line":112,"column":3}},"loc":{"start":{"line":112,"column":46},"end":{"line":125,"column":3}},"line":112},"4":{"name":"(anonymous_4)","decl":{"start":{"line":126,"column":2},"end":{"line":126,"column":3}},"loc":{"start":{"line":126,"column":49},"end":{"line":145,"column":3}},"line":126}},"branchMap":{"0":{"loc":{"start":{"line":13,"column":6},"end":{"line":19,"column":7}},"type":"if","locations":[{"start":{"line":13,"column":6},"end":{"line":19,"column":7}},{"start":{},"end":{}}],"line":13},"1":{"loc":{"start":{"line":21,"column":6},"end":{"line":25,"column":7}},"type":"if","locations":[{"start":{"line":21,"column":6},"end":{"line":25,"column":7}},{"start":{},"end":{}}],"line":21},"2":{"loc":{"start":{"line":27,"column":6},"end":{"line":34,"column":7}},"type":"if","locations":[{"start":{"line":27,"column":6},"end":{"line":34,"column":7}},{"start":{},"end":{}}],"line":27},"3":{"loc":{"start":{"line":27,"column":10},"end":{"line":27,"column":26}},"type":"binary-expr","locations":[{"start":{"line":27,"column":10},"end":{"line":27,"column":16}},{"start":{"line":27,"column":20},"end":{"line":27,"column":26}}],"line":27},"4":{"loc":{"start":{"line":41,"column":6},"end":{"line":54,"column":7}},"type":"if","locations":[{"start":{"line":41,"column":6},"end":{"line":54,"column":7}},{"start":{"line":51,"column":13},"end":{"line":54,"column":7}}],"line":41},"5":{"loc":{"start":{"line":42,"column":8},"end":{"line":45,"column":9}},"type":"if","locations":[{"start":{"line":42,"column":8},"end":{"line":45,"column":9}},{"start":{},"end":{}}],"line":42},"6":{"loc":{"start":{"line":47,"column":8},"end":{"line":50,"column":9}},"type":"if","locations":[{"start":{"line":47,"column":8},"end":{"line":50,"column":9}},{"start":{},"end":{}}],"line":47},"7":{"loc":{"start":{"line":78,"column":6},"end":{"line":84,"column":7}},"type":"if","locations":[{"start":{"line":78,"column":6},"end":{"line":84,"column":7}},{"start":{"line":82,"column":13},"end":{"line":84,"column":7}}],"line":78},"8":{"loc":{"start":{"line":116,"column":6},"end":{"line":118,"column":7}},"type":"if","locations":[{"start":{"line":116,"column":6},"end":{"line":118,"column":7}},{"start":{},"end":{}}],"line":116},"9":{"loc":{"start":{"line":131,"column":6},"end":{"line":141,"column":7}},"type":"if","locations":[{"start":{"line":131,"column":6},"end":{"line":141,"column":7}},{"start":{"line":136,"column":13},"end":{"line":141,"column":7}}],"line":131}},"s":{"0":1,"1":1,"2":0,"3":0,"4":0,"5":0,"6":0,"7":0,"8":0,"9":0,"10":0,"11":0,"12":0,"13":0,"14":0,"15":0,"16":0,"17":0,"18":0,"19":0,"20":0,"21":0,"22":0,"23":0,"24":0,"25":0,"26":0,"27":0,"28":0,"29":0,"30":0,"31":0,"32":0,"33":0,"34":0,"35":0,"36":0,"37":0,"38":0,"39":0,"40":0,"41":0,"42":0,"43":0,"44":0,"45":0,"46":0,"47":0,"48":0,"49":0,"50":0,"51":0,"52":0,"53":0,"54":0,"55":0,"56":0,"57":0,"58":0,"59":1},"f":{"0":0,"1":0,"2":0,"3":0,"4":0},"b":{"0":[0,0],"1":[0,0],"2":[0,0],"3":[0,0],"4":[0,0],"5":[0,0],"6":[0,0],"7":[0,0],"8":[0,0],"9":[0,0]},"_coverageSchema":"1a1c01bbd47fc00a2c39e90264f33305004495a9","hash":"22777f510e984037b847fb1508b1ca22160f5e04"}
,"C:\\Users\\luhma\\Documents\\Hacktiv8\\Phase2\\IP-HCK75\\server\\controllers\\GeminiController.js": {"path":"C:\\Users\\luhma\\Documents\\Hacktiv8\\Phase2\\IP-HCK75\\server\\controllers\\GeminiController.js","statementMap":{"0":{"start":{"line":1,"column":31},"end":{"line":1,"column":63}},"1":{"start":{"line":2,"column":0},"end":{"line":2,"column":27}},"2":{"start":{"line":3,"column":16},"end":{"line":3,"column":34}},"3":{"start":{"line":4,"column":16},"end":{"line":4,"column":53}},"4":{"start":{"line":5,"column":20},"end":{"line":5,"column":40}},"5":{"start":{"line":7,"column":15},"end":{"line":51,"column":1}},"6":{"start":{"line":8,"column":16},"end":{"line":8,"column":66}},"7":{"start":{"line":9,"column":16},"end":{"line":9,"column":71}},"8":{"start":{"line":11,"column":2},"end":{"line":50,"column":3}},"9":{"start":{"line":13,"column":25},"end":{"line":13,"column":48}},"10":{"start":{"line":14,"column":21},"end":{"line":14,"column":49}},"11":{"start":{"line":17,"column":27},"end":{"line":17,"column":31}},"12":{"start":{"line":19,"column":6},"end":{"line":21,"column":18}},"13":{"start":{"line":24,"column":19},"end":{"line":27,"column":43}},"14":{"start":{"line":29,"column":4},"end":{"line":29,"column":28}},"15":{"start":{"line":32,"column":19},"end":{"line":32,"column":54}},"16":{"start":{"line":33,"column":25},"end":{"line":33,"column":53}},"17":{"start":{"line":35,"column":4},"end":{"line":35,"column":46}},"18":{"start":{"line":38,"column":4},"end":{"line":43,"column":5}},"19":{"start":{"line":39,"column":6},"end":{"line":39,"column":45}},"20":{"start":{"line":41,"column":6},"end":{"line":41,"column":74}},"21":{"start":{"line":42,"column":6},"end":{"line":42,"column":25}},"22":{"start":{"line":45,"column":4},"end":{"line":48,"column":6}},"23":{"start":{"line":49,"column":4},"end":{"line":49,"column":16}},"24":{"start":{"line":53,"column":0},"end":{"line":53,"column":24}}},"fnMap":{"0":{"name":"(anonymous_0)","decl":{"start":{"line":7,"column":15},"end":{"line":7,"column":16}},"loc":{"start":{"line":7,"column":35},"end":{"line":51,"column":1}},"line":7}},"branchMap":{"0":{"loc":{"start":{"line":19,"column":6},"end":{"line":21,"column":18}},"type":"cond-expr","locations":[{"start":{"line":20,"column":10},"end":{"line":20,"column":47}},{"start":{"line":21,"column":10},"end":{"line":21,"column":18}}],"line":19}},"s":{"0":1,"1":1,"2":1,"3":1,"4":1,"5":1,"6":0,"7":0,"8":0,"9":0,"10":0,"11":0,"12":0,"13":0,"14":0,"15":0,"16":0,"17":0,"18":0,"19":0,"20":0,"21":0,"22":0,"23":0,"24":1},"f":{"0":0},"b":{"0":[0,0]},"_coverageSchema":"1a1c01bbd47fc00a2c39e90264f33305004495a9","hash":"59116f83dec1992d230125997be33ff5b53bd851"}
,"C:\\Users\\luhma\\Documents\\Hacktiv8\\Phase2\\IP-HCK75\\server\\controllers\\NewsApiController.js": {"path":"C:\\Users\\luhma\\Documents\\Hacktiv8\\Phase2\\IP-HCK75\\server\\controllers\\NewsApiController.js","statementMap":{"0":{"start":{"line":1,"column":16},"end":{"line":1,"column":34}},"1":{"start":{"line":2,"column":16},"end":{"line":2,"column":53}},"2":{"start":{"line":6,"column":4},"end":{"line":28,"column":5}},"3":{"start":{"line":7,"column":23},"end":{"line":15,"column":8}},"4":{"start":{"line":16,"column":6},"end":{"line":16,"column":45}},"5":{"start":{"line":18,"column":6},"end":{"line":21,"column":9}},"6":{"start":{"line":23,"column":6},"end":{"line":23,"column":51}},"7":{"start":{"line":24,"column":6},"end":{"line":27,"column":9}},"8":{"start":{"line":32,"column":0},"end":{"line":32,"column":35}}},"fnMap":{"0":{"name":"(anonymous_0)","decl":{"start":{"line":5,"column":2},"end":{"line":5,"column":3}},"loc":{"start":{"line":5,"column":54},"end":{"line":29,"column":3}},"line":5}},"branchMap":{},"s":{"0":1,"1":1,"2":0,"3":0,"4":0,"5":0,"6":0,"7":0,"8":1},"f":{"0":0},"b":{},"_coverageSchema":"1a1c01bbd47fc00a2c39e90264f33305004495a9","hash":"c594e1964777e4a920146160abe8edcf5167c6c3"}
,"C:\\Users\\luhma\\Documents\\Hacktiv8\\Phase2\\IP-HCK75\\server\\controllers\\UserController.js": {"path":"C:\\Users\\luhma\\Documents\\Hacktiv8\\Phase2\\IP-HCK75\\server\\controllers\\UserController.js","statementMap":{"0":{"start":{"line":1,"column":17},"end":{"line":1,"column":37}},"1":{"start":{"line":2,"column":24},"end":{"line":2,"column":52}},"2":{"start":{"line":3,"column":22},"end":{"line":3,"column":47}},"3":{"start":{"line":4,"column":0},"end":{"line":4,"column":27}},"4":{"start":{"line":5,"column":25},"end":{"line":5,"column":55}},"5":{"start":{"line":9,"column":4},"end":{"line":20,"column":5}},"6":{"start":{"line":10,"column":42},"end":{"line":10,"column":50}},"7":{"start":{"line":11,"column":17},"end":{"line":11,"column":65}},"8":{"start":{"line":13,"column":6},"end":{"line":17,"column":9}},"9":{"start":{"line":19,"column":6},"end":{"line":19,"column":18}},"10":{"start":{"line":23,"column":30},"end":{"line":23,"column":38}},"11":{"start":{"line":24,"column":4},"end":{"line":43,"column":5}},"12":{"start":{"line":25,"column":6},"end":{"line":27,"column":7}},"13":{"start":{"line":26,"column":8},"end":{"line":26,"column":39}},"14":{"start":{"line":29,"column":19},"end":{"line":31,"column":8}},"15":{"start":{"line":33,"column":6},"end":{"line":35,"column":7}},"16":{"start":{"line":34,"column":8},"end":{"line":34,"column":38}},"17":{"start":{"line":37,"column":20},"end":{"line":39,"column":8}},"18":{"start":{"line":40,"column":6},"end":{"line":40,"column":52}},"19":{"start":{"line":42,"column":6},"end":{"line":42,"column":18}},"20":{"start":{"line":47,"column":19},"end":{"line":47,"column":37}},"21":{"start":{"line":48,"column":4},"end":{"line":96,"column":5}},"22":{"start":{"line":50,"column":30},"end":{"line":50,"column":38}},"23":{"start":{"line":52,"column":21},"end":{"line":56,"column":8}},"24":{"start":{"line":58,"column":30},"end":{"line":58,"column":49}},"25":{"start":{"line":60,"column":30},"end":{"line":68,"column":8}},"26":{"start":{"line":88,"column":6},"end":{"line":88,"column":56}},"27":{"start":{"line":90,"column":20},"end":{"line":90,"column":46}},"28":{"start":{"line":91,"column":6},"end":{"line":91,"column":68}},"29":{"start":{"line":93,"column":6},"end":{"line":93,"column":25}},"30":{"start":{"line":95,"column":6},"end":{"line":95,"column":65}},"31":{"start":{"line":100,"column":0},"end":{"line":100,"column":32}}},"fnMap":{"0":{"name":"(anonymous_0)","decl":{"start":{"line":8,"column":2},"end":{"line":8,"column":3}},"loc":{"start":{"line":8,"column":40},"end":{"line":21,"column":3}},"line":8},"1":{"name":"(anonymous_1)","decl":{"start":{"line":22,"column":2},"end":{"line":22,"column":3}},"loc":{"start":{"line":22,"column":37},"end":{"line":44,"column":3}},"line":22},"2":{"name":"(anonymous_2)","decl":{"start":{"line":46,"column":2},"end":{"line":46,"column":3}},"loc":{"start":{"line":46,"column":43},"end":{"line":97,"column":3}},"line":46}},"branchMap":{"0":{"loc":{"start":{"line":25,"column":6},"end":{"line":27,"column":7}},"type":"if","locations":[{"start":{"line":25,"column":6},"end":{"line":27,"column":7}},{"start":{},"end":{}}],"line":25},"1":{"loc":{"start":{"line":25,"column":10},"end":{"line":25,"column":29}},"type":"binary-expr","locations":[{"start":{"line":25,"column":10},"end":{"line":25,"column":16}},{"start":{"line":25,"column":20},"end":{"line":25,"column":29}}],"line":25},"2":{"loc":{"start":{"line":33,"column":6},"end":{"line":35,"column":7}},"type":"if","locations":[{"start":{"line":33,"column":6},"end":{"line":35,"column":7}},{"start":{},"end":{}}],"line":33},"3":{"loc":{"start":{"line":33,"column":10},"end":{"line":33,"column":56}},"type":"binary-expr","locations":[{"start":{"line":33,"column":10},"end":{"line":33,"column":15}},{"start":{"line":33,"column":19},"end":{"line":33,"column":56}}],"line":33},"4":{"loc":{"start":{"line":91,"column":17},"end":{"line":91,"column":36}},"type":"cond-expr","locations":[{"start":{"line":91,"column":27},"end":{"line":91,"column":30}},{"start":{"line":91,"column":33},"end":{"line":91,"column":36}}],"line":91}},"s":{"0":1,"1":1,"2":1,"3":1,"4":1,"5":3,"6":3,"7":3,"8":0,"9":3,"10":4,"11":4,"12":4,"13":2,"14":2,"15":2,"16":1,"17":1,"18":1,"19":3,"20":0,"21":0,"22":0,"23":0,"24":0,"25":0,"26":0,"27":0,"28":0,"29":0,"30":0,"31":1},"f":{"0":3,"1":4,"2":0},"b":{"0":[2,2],"1":[4,3],"2":[1,1],"3":[2,2],"4":[0,0]},"_coverageSchema":"1a1c01bbd47fc00a2c39e90264f33305004495a9","hash":"542abe62b09cc440293957afac6dac8df97d7bcd"}
,"C:\\Users\\luhma\\Documents\\Hacktiv8\\Phase2\\IP-HCK75\\server\\helpers\\bcrypt.js": {"path":"C:\\Users\\luhma\\Documents\\Hacktiv8\\Phase2\\IP-HCK75\\server\\helpers\\bcrypt.js","statementMap":{"0":{"start":{"line":1,"column":15},"end":{"line":1,"column":34}},"1":{"start":{"line":3,"column":16},"end":{"line":7,"column":1}},"2":{"start":{"line":4,"column":17},"end":{"line":4,"column":39}},"3":{"start":{"line":5,"column":17},"end":{"line":5,"column":44}},"4":{"start":{"line":6,"column":4},"end":{"line":6,"column":18}},"5":{"start":{"line":9,"column":20},"end":{"line":12,"column":1}},"6":{"start":{"line":10,"column":17},"end":{"line":10,"column":49}},"7":{"start":{"line":11,"column":4},"end":{"line":11,"column":18}},"8":{"start":{"line":14,"column":0},"end":{"line":14,"column":39}}},"fnMap":{"0":{"name":"(anonymous_0)","decl":{"start":{"line":3,"column":16},"end":{"line":3,"column":17}},"loc":{"start":{"line":3,"column":26},"end":{"line":7,"column":1}},"line":3},"1":{"name":"(anonymous_1)","decl":{"start":{"line":9,"column":20},"end":{"line":9,"column":21}},"loc":{"start":{"line":9,"column":38},"end":{"line":12,"column":1}},"line":9}},"branchMap":{},"s":{"0":1,"1":1,"2":4,"3":4,"4":4,"5":1,"6":2,"7":2,"8":1},"f":{"0":4,"1":2},"b":{},"_coverageSchema":"1a1c01bbd47fc00a2c39e90264f33305004495a9","hash":"55ac0cdc6ad1684eca2143b51a066939e7fec49a"}
,"C:\\Users\\luhma\\Documents\\Hacktiv8\\Phase2\\IP-HCK75\\server\\helpers\\jwt.js": {"path":"C:\\Users\\luhma\\Documents\\Hacktiv8\\Phase2\\IP-HCK75\\server\\helpers\\jwt.js","statementMap":{"0":{"start":{"line":1,"column":10},"end":{"line":1,"column":33}},"1":{"start":{"line":2,"column":18},"end":{"line":2,"column":40}},"2":{"start":{"line":3,"column":18},"end":{"line":5,"column":1}},"3":{"start":{"line":4,"column":2},"end":{"line":4,"column":38}},"4":{"start":{"line":7,"column":20},"end":{"line":9,"column":1}},"5":{"start":{"line":8,"column":2},"end":{"line":8,"column":38}},"6":{"start":{"line":11,"column":0},"end":{"line":11,"column":44}}},"fnMap":{"0":{"name":"(anonymous_0)","decl":{"start":{"line":3,"column":18},"end":{"line":3,"column":19}},"loc":{"start":{"line":3,"column":31},"end":{"line":5,"column":1}},"line":3},"1":{"name":"(anonymous_1)","decl":{"start":{"line":7,"column":20},"end":{"line":7,"column":21}},"loc":{"start":{"line":7,"column":31},"end":{"line":9,"column":1}},"line":7}},"branchMap":{},"s":{"0":1,"1":1,"2":1,"3":1,"4":1,"5":0,"6":1},"f":{"0":1,"1":0},"b":{},"_coverageSchema":"1a1c01bbd47fc00a2c39e90264f33305004495a9","hash":"f3895989738a4d8bebdcf8a6c17d629c49ba07e7"}
,"C:\\Users\\luhma\\Documents\\Hacktiv8\\Phase2\\IP-HCK75\\server\\middleware\\authentication.js": {"path":"C:\\Users\\luhma\\Documents\\Hacktiv8\\Phase2\\IP-HCK75\\server\\middleware\\authentication.js","statementMap":{"0":{"start":{"line":1,"column":24},"end":{"line":1,"column":49}},"1":{"start":{"line":2,"column":17},"end":{"line":2,"column":37}},"2":{"start":{"line":4,"column":23},"end":{"line":29,"column":1}},"3":{"start":{"line":5,"column":2},"end":{"line":28,"column":3}},"4":{"start":{"line":7,"column":4},"end":{"line":7,"column":31}},"5":{"start":{"line":8,"column":30},"end":{"line":8,"column":41}},"6":{"start":{"line":10,"column":4},"end":{"line":12,"column":5}},"7":{"start":{"line":11,"column":6},"end":{"line":11,"column":37}},"8":{"start":{"line":14,"column":35},"end":{"line":14,"column":59}},"9":{"start":{"line":16,"column":19},"end":{"line":16,"column":44}},"10":{"start":{"line":18,"column":21},"end":{"line":18,"column":44}},"11":{"start":{"line":20,"column":4},"end":{"line":23,"column":6}},"12":{"start":{"line":25,"column":4},"end":{"line":25,"column":11}},"13":{"start":{"line":27,"column":4},"end":{"line":27,"column":16}},"14":{"start":{"line":31,"column":0},"end":{"line":31,"column":32}}},"fnMap":{"0":{"name":"(anonymous_0)","decl":{"start":{"line":4,"column":23},"end":{"line":4,"column":24}},"loc":{"start":{"line":4,"column":49},"end":{"line":29,"column":1}},"line":4}},"branchMap":{"0":{"loc":{"start":{"line":10,"column":4},"end":{"line":12,"column":5}},"type":"if","locations":[{"start":{"line":10,"column":4},"end":{"line":12,"column":5}},{"start":{},"end":{}}],"line":10}},"s":{"0":1,"1":1,"2":1,"3":0,"4":0,"5":0,"6":0,"7":0,"8":0,"9":0,"10":0,"11":0,"12":0,"13":0,"14":1},"f":{"0":0},"b":{"0":[0,0]},"_coverageSchema":"1a1c01bbd47fc00a2c39e90264f33305004495a9","hash":"df97cbc60e0323ba5c1dd68bfabd57e6ee33b3b4"}
,"C:\\Users\\luhma\\Documents\\Hacktiv8\\Phase2\\IP-HCK75\\server\\middleware\\authorization.js": {"path":"C:\\Users\\luhma\\Documents\\Hacktiv8\\Phase2\\IP-HCK75\\server\\middleware\\authorization.js","statementMap":{"0":{"start":{"line":1,"column":20},"end":{"line":1,"column":40}},"1":{"start":{"line":4,"column":2},"end":{"line":14,"column":3}},"2":{"start":{"line":5,"column":4},"end":{"line":11,"column":5}},"3":{"start":{"line":6,"column":6},"end":{"line":6,"column":35}},"4":{"start":{"line":7,"column":6},"end":{"line":7,"column":13}},"5":{"start":{"line":10,"column":6},"end":{"line":10,"column":34}},"6":{"start":{"line":13,"column":4},"end":{"line":13,"column":16}},"7":{"start":{"line":17,"column":0},"end":{"line":17,"column":31}}},"fnMap":{"0":{"name":"authorization","decl":{"start":{"line":3,"column":15},"end":{"line":3,"column":28}},"loc":{"start":{"line":3,"column":45},"end":{"line":15,"column":1}},"line":3}},"branchMap":{"0":{"loc":{"start":{"line":5,"column":4},"end":{"line":11,"column":5}},"type":"if","locations":[{"start":{"line":5,"column":4},"end":{"line":11,"column":5}},{"start":{"line":9,"column":8},"end":{"line":11,"column":5}}],"line":5}},"s":{"0":1,"1":0,"2":0,"3":0,"4":0,"5":0,"6":0,"7":1},"f":{"0":0},"b":{"0":[0,0]},"_coverageSchema":"1a1c01bbd47fc00a2c39e90264f33305004495a9","hash":"848595e5f350b9471c5629e38040dc22e4e67309"}
,"C:\\Users\\luhma\\Documents\\Hacktiv8\\Phase2\\IP-HCK75\\server\\middleware\\errors.js": {"path":"C:\\Users\\luhma\\Documents\\Hacktiv8\\Phase2\\IP-HCK75\\server\\middleware\\errors.js","statementMap":{"0":{"start":{"line":2,"column":4},"end":{"line":2,"column":35}},"1":{"start":{"line":4,"column":17},"end":{"line":4,"column":34}},"2":{"start":{"line":5,"column":18},"end":{"line":5,"column":56}},"3":{"start":{"line":6,"column":4},"end":{"line":6,"column":21}},"4":{"start":{"line":7,"column":4},"end":{"line":31,"column":5}},"5":{"start":{"line":10,"column":12},"end":{"line":10,"column":24}},"6":{"start":{"line":11,"column":12},"end":{"line":11,"column":43}},"7":{"start":{"line":12,"column":12},"end":{"line":12,"column":18}},"8":{"start":{"line":14,"column":12},"end":{"line":14,"column":24}},"9":{"start":{"line":15,"column":12},"end":{"line":15,"column":50}},"10":{"start":{"line":16,"column":12},"end":{"line":16,"column":18}},"11":{"start":{"line":18,"column":12},"end":{"line":18,"column":24}},"12":{"start":{"line":19,"column":12},"end":{"line":19,"column":46}},"13":{"start":{"line":20,"column":12},"end":{"line":20,"column":18}},"14":{"start":{"line":24,"column":12},"end":{"line":24,"column":25}},"15":{"start":{"line":25,"column":12},"end":{"line":25,"column":38}},"16":{"start":{"line":26,"column":12},"end":{"line":26,"column":18}},"17":{"start":{"line":28,"column":12},"end":{"line":28,"column":25}},"18":{"start":{"line":29,"column":12},"end":{"line":29,"column":39}},"19":{"start":{"line":30,"column":12},"end":{"line":30,"column":18}},"20":{"start":{"line":33,"column":4},"end":{"line":33,"column":38}},"21":{"start":{"line":36,"column":0},"end":{"line":36,"column":29}}},"fnMap":{"0":{"name":"errorHandler","decl":{"start":{"line":1,"column":9},"end":{"line":1,"column":21}},"loc":{"start":{"line":1,"column":42},"end":{"line":34,"column":1}},"line":1}},"branchMap":{"0":{"loc":{"start":{"line":4,"column":17},"end":{"line":4,"column":34}},"type":"binary-expr","locations":[{"start":{"line":4,"column":17},"end":{"line":4,"column":20}},{"start":{"line":4,"column":24},"end":{"line":4,"column":34}}],"line":4},"1":{"loc":{"start":{"line":5,"column":18},"end":{"line":5,"column":56}},"type":"binary-expr","locations":[{"start":{"line":5,"column":18},"end":{"line":5,"column":29}},{"start":{"line":5,"column":33},"end":{"line":5,"column":56}}],"line":5},"2":{"loc":{"start":{"line":7,"column":4},"end":{"line":31,"column":5}},"type":"switch","locations":[{"start":{"line":8,"column":8},"end":{"line":8,"column":40}},{"start":{"line":9,"column":8},"end":{"line":12,"column":18}},{"start":{"line":13,"column":9},"end":{"line":16,"column":18}},{"start":{"line":17,"column":8},"end":{"line":20,"column":18}},{"start":{"line":21,"column":8},"end":{"line":21,"column":28}},{"start":{"line":22,"column":8},"end":{"line":22,"column":25}},{"start":{"line":23,"column":8},"end":{"line":26,"column":18}},{"start":{"line":27,"column":8},"end":{"line":30,"column":18}}],"line":7}},"s":{"0":6,"1":6,"2":6,"3":6,"4":6,"5":3,"6":3,"7":3,"8":0,"9":0,"10":0,"11":1,"12":1,"13":1,"14":0,"15":0,"16":0,"17":0,"18":0,"19":0,"20":6,"21":1},"f":{"0":6},"b":{"0":[6,0],"1":[6,3],"2":[3,3,0,1,0,0,0,0]},"_coverageSchema":"1a1c01bbd47fc00a2c39e90264f33305004495a9","hash":"067b6f6aa9bb76c74a721eb0e0ed02dbf64bb30a"}
,"C:\\Users\\luhma\\Documents\\Hacktiv8\\Phase2\\IP-HCK75\\server\\models\\article.js": {"path":"C:\\Users\\luhma\\Documents\\Hacktiv8\\Phase2\\IP-HCK75\\server\\models\\article.js","statementMap":{"0":{"start":{"line":4,"column":4},"end":{"line":4,"column":24}},"1":{"start":{"line":5,"column":0},"end":{"line":65,"column":2}},"2":{"start":{"line":8,"column":6},"end":{"line":8,"column":36}},"3":{"start":{"line":11,"column":2},"end":{"line":63,"column":5}},"4":{"start":{"line":64,"column":2},"end":{"line":64,"column":17}}},"fnMap":{"0":{"name":"(anonymous_0)","decl":{"start":{"line":5,"column":17},"end":{"line":5,"column":18}},"loc":{"start":{"line":5,"column":43},"end":{"line":65,"column":1}},"line":5},"1":{"name":"(anonymous_1)","decl":{"start":{"line":7,"column":4},"end":{"line":7,"column":5}},"loc":{"start":{"line":7,"column":29},"end":{"line":9,"column":5}},"line":7}},"branchMap":{},"s":{"0":1,"1":1,"2":1,"3":1,"4":1},"f":{"0":1,"1":1},"b":{},"_coverageSchema":"1a1c01bbd47fc00a2c39e90264f33305004495a9","hash":"0dfdace346dc848b2319d09290272789701ea7b9"}
,"C:\\Users\\luhma\\Documents\\Hacktiv8\\Phase2\\IP-HCK75\\server\\models\\index.js": {"path":"C:\\Users\\luhma\\Documents\\Hacktiv8\\Phase2\\IP-HCK75\\server\\models\\index.js","statementMap":{"0":{"start":{"line":3,"column":11},"end":{"line":3,"column":24}},"1":{"start":{"line":4,"column":13},"end":{"line":4,"column":28}},"2":{"start":{"line":5,"column":18},"end":{"line":5,"column":38}},"3":{"start":{"line":6,"column":16},"end":{"line":6,"column":34}},"4":{"start":{"line":7,"column":17},"end":{"line":7,"column":42}},"5":{"start":{"line":8,"column":12},"end":{"line":8,"column":49}},"6":{"start":{"line":9,"column":15},"end":{"line":9,"column":65}},"7":{"start":{"line":10,"column":11},"end":{"line":10,"column":13}},"8":{"start":{"line":13,"column":0},"end":{"line":17,"column":1}},"9":{"start":{"line":14,"column":2},"end":{"line":14,"column":74}},"10":{"start":{"line":16,"column":2},"end":{"line":16,"column":87}},"11":{"start":{"line":19,"column":0},"end":{"line":32,"column":5}},"12":{"start":{"line":22,"column":4},"end":{"line":27,"column":6}},"13":{"start":{"line":30,"column":18},"end":{"line":30,"column":85}},"14":{"start":{"line":31,"column":4},"end":{"line":31,"column":27}},"15":{"start":{"line":34,"column":0},"end":{"line":38,"column":3}},"16":{"start":{"line":35,"column":2},"end":{"line":37,"column":3}},"17":{"start":{"line":36,"column":4},"end":{"line":36,"column":32}},"18":{"start":{"line":40,"column":0},"end":{"line":40,"column":25}},"19":{"start":{"line":41,"column":0},"end":{"line":41,"column":25}},"20":{"start":{"line":43,"column":0},"end":{"line":43,"column":20}}},"fnMap":{"0":{"name":"(anonymous_0)","decl":{"start":{"line":21,"column":10},"end":{"line":21,"column":11}},"loc":{"start":{"line":21,"column":18},"end":{"line":28,"column":3}},"line":21},"1":{"name":"(anonymous_1)","decl":{"start":{"line":29,"column":11},"end":{"line":29,"column":12}},"loc":{"start":{"line":29,"column":19},"end":{"line":32,"column":3}},"line":29},"2":{"name":"(anonymous_2)","decl":{"start":{"line":34,"column":24},"end":{"line":34,"column":25}},"loc":{"start":{"line":34,"column":37},"end":{"line":38,"column":1}},"line":34}},"branchMap":{"0":{"loc":{"start":{"line":8,"column":12},"end":{"line":8,"column":49}},"type":"binary-expr","locations":[{"start":{"line":8,"column":12},"end":{"line":8,"column":32}},{"start":{"line":8,"column":36},"end":{"line":8,"column":49}}],"line":8},"1":{"loc":{"start":{"line":13,"column":0},"end":{"line":17,"column":1}},"type":"if","locations":[{"start":{"line":13,"column":0},"end":{"line":17,"column":1}},{"start":{"line":15,"column":7},"end":{"line":17,"column":1}}],"line":13},"2":{"loc":{"start":{"line":23,"column":6},"end":{"line":26,"column":37}},"type":"binary-expr","locations":[{"start":{"line":23,"column":6},"end":{"line":23,"column":29}},{"start":{"line":24,"column":6},"end":{"line":24,"column":23}},{"start":{"line":25,"column":6},"end":{"line":25,"column":30}},{"start":{"line":26,"column":6},"end":{"line":26,"column":37}}],"line":23},"3":{"loc":{"start":{"line":35,"column":2},"end":{"line":37,"column":3}},"type":"if","locations":[{"start":{"line":35,"column":2},"end":{"line":37,"column":3}},{"start":{},"end":{}}],"line":35}},"s":{"0":1,"1":1,"2":1,"3":1,"4":1,"5":1,"6":1,"7":1,"8":1,"9":0,"10":1,"11":1,"12":3,"13":2,"14":2,"15":1,"16":2,"17":2,"18":1,"19":1,"20":1},"f":{"0":3,"1":2,"2":2},"b":{"0":[1,0],"1":[0,1],"2":[3,3,2,2],"3":[2,0]},"_coverageSchema":"1a1c01bbd47fc00a2c39e90264f33305004495a9","hash":"3e1afb862c1400c15c0ca6ed6ba46d16cc5ce45e"}
,"C:\\Users\\luhma\\Documents\\Hacktiv8\\Phase2\\IP-HCK75\\server\\models\\user.js": {"path":"C:\\Users\\luhma\\Documents\\Hacktiv8\\Phase2\\IP-HCK75\\server\\models\\user.js","statementMap":{"0":{"start":{"line":2,"column":18},"end":{"line":2,"column":38}},"1":{"start":{"line":3,"column":20},"end":{"line":3,"column":48}},"2":{"start":{"line":5,"column":0},"end":{"line":60,"column":2}},"3":{"start":{"line":8,"column":6},"end":{"line":8,"column":35}},"4":{"start":{"line":11,"column":2},"end":{"line":58,"column":4}},"5":{"start":{"line":52,"column":10},"end":{"line":52,"column":63}},"6":{"start":{"line":59,"column":2},"end":{"line":59,"column":14}}},"fnMap":{"0":{"name":"(anonymous_0)","decl":{"start":{"line":5,"column":17},"end":{"line":5,"column":18}},"loc":{"start":{"line":5,"column":43},"end":{"line":60,"column":1}},"line":5},"1":{"name":"(anonymous_1)","decl":{"start":{"line":7,"column":4},"end":{"line":7,"column":5}},"loc":{"start":{"line":7,"column":29},"end":{"line":9,"column":5}},"line":7},"2":{"name":"(anonymous_2)","decl":{"start":{"line":51,"column":22},"end":{"line":51,"column":23}},"loc":{"start":{"line":51,"column":51},"end":{"line":53,"column":9}},"line":51}},"branchMap":{},"s":{"0":1,"1":1,"2":1,"3":1,"4":1,"5":0,"6":1},"f":{"0":1,"1":1,"2":0},"b":{},"_coverageSchema":"1a1c01bbd47fc00a2c39e90264f33305004495a9","hash":"2ecee5e2324451b67fde9d6ee15bf475e5e26541"}
,"C:\\Users\\luhma\\Documents\\Hacktiv8\\Phase2\\IP-HCK75\\server\\routers\\router.js": {"path":"C:\\Users\\luhma\\Documents\\Hacktiv8\\Phase2\\IP-HCK75\\server\\routers\\router.js","statementMap":{"0":{"start":{"line":1,"column":16},"end":{"line":1,"column":34}},"1":{"start":{"line":2,"column":15},"end":{"line":2,"column":31}},"2":{"start":{"line":3,"column":21},"end":{"line":3,"column":52}},"3":{"start":{"line":4,"column":23},"end":{"line":4,"column":62}},"4":{"start":{"line":5,"column":22},"end":{"line":5,"column":60}},"5":{"start":{"line":6,"column":23},"end":{"line":6,"column":66}},"6":{"start":{"line":7,"column":26},"end":{"line":7,"column":72}},"7":{"start":{"line":8,"column":14},"end":{"line":8,"column":59}},"8":{"start":{"line":11,"column":26},"end":{"line":11,"column":72}},"9":{"start":{"line":12,"column":0},"end":{"line":12,"column":80}},"10":{"start":{"line":15,"column":0},"end":{"line":25,"column":2}},"11":{"start":{"line":16,"column":4},"end":{"line":24,"column":5}},"12":{"start":{"line":17,"column":25},"end":{"line":17,"column":33}},"13":{"start":{"line":18,"column":17},"end":{"line":18,"column":39}},"14":{"start":{"line":19,"column":8},"end":{"line":19,"column":32}},"15":{"start":{"line":21,"column":8},"end":{"line":21,"column":27}},"16":{"start":{"line":22,"column":8},"end":{"line":22,"column":19}},"17":{"start":{"line":28,"column":0},"end":{"line":28,"column":50}},"18":{"start":{"line":29,"column":0},"end":{"line":29,"column":44}},"19":{"start":{"line":30,"column":0},"end":{"line":30,"column":56}},"20":{"start":{"line":33,"column":0},"end":{"line":33,"column":56}},"21":{"start":{"line":34,"column":0},"end":{"line":34,"column":61}},"22":{"start":{"line":37,"column":0},"end":{"line":37,"column":57}},"23":{"start":{"line":38,"column":0},"end":{"line":38,"column":61}},"24":{"start":{"line":39,"column":0},"end":{"line":39,"column":67}},"25":{"start":{"line":41,"column":0},"end":{"line":41,"column":25}},"26":{"start":{"line":43,"column":0},"end":{"line":43,"column":24}}},"fnMap":{"0":{"name":"(anonymous_0)","decl":{"start":{"line":15,"column":22},"end":{"line":15,"column":23}},"loc":{"start":{"line":15,"column":46},"end":{"line":25,"column":1}},"line":15}},"branchMap":{},"s":{"0":1,"1":1,"2":1,"3":1,"4":1,"5":1,"6":1,"7":1,"8":1,"9":1,"10":1,"11":0,"12":0,"13":0,"14":0,"15":0,"16":0,"17":1,"18":1,"19":1,"20":1,"21":1,"22":1,"23":1,"24":1,"25":1,"26":1},"f":{"0":0},"b":{},"_coverageSchema":"1a1c01bbd47fc00a2c39e90264f33305004495a9","hash":"2196d039c8ef4ed5a30c7f084295c5f46b2f1cbb"}
}
